<?xml version="1.0" encoding="UTF-8"?>
<testsuite xmlns:xsi="http://www.w3.org/2001/XMLSchema-instance" xsi:noNamespaceSchemaLocation="https://maven.apache.org/surefire/maven-surefire-plugin/xsd/surefire-test-report-3.0.xsd" version="3.0" name="com.example.QuadTreeTest" time="0.018" tests="6" errors="0" skipped="0" failures="0">
  <properties>
[...]
</properties>
  <testcase name="testQueryRange" classname="com.example.QuadTreeTest" time="0.001"/>
  <testcase name="testQueryEmptyRange" classname="com.example.QuadTreeTest" time="0.0"/>
  <testcase name="testInsertOutsideBounds" classname="com.example.QuadTreeTest" time="0.0"/>
  <testcase name="testInsertAndFind" classname="com.example.QuadTreeTest" time="0.0"/>
  <testcase name="testDelete" classname="com.example.QuadTreeTest" time="0.001"/>
  <testcase name="testDeleteNonExistentPoint" classname="com.example.QuadTreeTest" time="0.0"/>
</testsuite>